<?xml version="1.0" encoding="UTF-8"?>
<coverage generated="1769736842732" clover="3.2.0">
  <project timestamp="1769736842732" name="All files">
    <metrics statements="85" coveredstatements="83" conditionals="82" coveredconditionals="58" methods="33" coveredmethods="33" elements="200" coveredelements="174" complexity="0" loc="85" ncloc="85" packages="1" files="7" classes="7"/>
    <file name="auth.service.ts" path="C:\Users\Ariel\Desktop\proyecto_integrador\alquiler_vehiculos_front-end\src\services\auth.service.ts">
      <metrics statements="22" coveredstatements="22" conditionals="24" coveredconditionals="18" methods="5" coveredmethods="5"/>
      <line num="1" count="1" type="stmt"/>
      <line num="13" count="1" type="stmt"/>
      <line num="15" count="1" type="stmt"/>
      <line num="16" count="5" type="stmt"/>
      <line num="19" count="1" type="stmt"/>
      <line num="20" count="5" type="stmt"/>
      <line num="23" count="1" type="stmt"/>
      <line num="24" count="1" type="stmt"/>
      <line num="27" count="1" type="stmt"/>
      <line num="31" count="2" type="stmt"/>
      <line num="36" count="2" type="cond" truecount="6" falsecount="2"/>
      <line num="37" count="2" type="cond" truecount="1" falsecount="1"/>
      <line num="39" count="2" type="stmt"/>
      <line num="40" count="2" type="stmt"/>
      <line num="43" count="1" type="stmt"/>
      <line num="47" count="2" type="stmt"/>
      <line num="52" count="2" type="cond" truecount="9" falsecount="3"/>
      <line num="54" count="2" type="cond" truecount="2" falsecount="0"/>
      <line num="55" count="1" type="stmt"/>
      <line num="56" count="1" type="stmt"/>
      <line num="59" count="1" type="stmt"/>
      <line num="60" count="1" type="stmt"/>
    </file>
    <file name="clientes.service.ts" path="C:\Users\Ariel\Desktop\proyecto_integrador\alquiler_vehiculos_front-end\src\services\clientes.service.ts">
      <metrics statements="10" coveredstatements="8" conditionals="10" coveredconditionals="0" methods="2" coveredmethods="2"/>
      <line num="1" count="1" type="stmt"/>
      <line num="2" count="1" type="stmt"/>
      <line num="27" count="1" type="stmt"/>
      <line num="29" count="1" type="stmt"/>
      <line num="30" count="1" type="stmt"/>
      <line num="31" count="1" type="stmt"/>
      <line num="33" count="0" type="cond" truecount="0" falsecount="10"/>
      <line num="34" count="0" type="stmt"/>
      <line num="39" count="1" type="stmt"/>
      <line num="40" count="1" type="stmt"/>
    </file>
    <file name="http.ts" path="C:\Users\Ariel\Desktop\proyecto_integrador\alquiler_vehiculos_front-end\src\services\http.ts">
      <metrics statements="10" coveredstatements="10" conditionals="48" coveredconditionals="40" methods="2" coveredmethods="2"/>
      <line num="1" count="5" type="stmt"/>
      <line num="2" count="10" type="cond" truecount="2" falsecount="0"/>
      <line num="4" count="9" type="cond" truecount="6" falsecount="2"/>
      <line num="6" count="9" type="stmt"/>
      <line num="13" count="9" type="stmt"/>
      <line num="14" count="26" type="cond" truecount="2" falsecount="0"/>
      <line num="17" count="1" type="stmt"/>
      <line num="20" count="5" type="stmt"/>
      <line num="21" count="13" type="cond" truecount="7" falsecount="1"/>
      <line num="23" count="13" type="cond" truecount="7" falsecount="1"/>
    </file>
    <file name="mantenimientos.service.ts" path="C:\Users\Ariel\Desktop\proyecto_integrador\alquiler_vehiculos_front-end\src\services\mantenimientos.service.ts">
      <metrics statements="10" coveredstatements="10" conditionals="0" coveredconditionals="0" methods="4" coveredmethods="4"/>
      <line num="1" count="1" type="stmt"/>
      <line num="2" count="1" type="stmt"/>
      <line num="27" count="1" type="stmt"/>
      <line num="29" count="2" type="stmt"/>
      <line num="30" count="2" type="stmt"/>
      <line num="34" count="1" type="stmt"/>
      <line num="35" count="1" type="stmt"/>
      <line num="39" count="1" type="stmt"/>
      <line num="40" count="1" type="stmt"/>
      <line num="44" count="1" type="stmt"/>
    </file>
    <file name="reservas.service.ts" path="C:\Users\Ariel\Desktop\proyecto_integrador\alquiler_vehiculos_front-end\src\services\reservas.service.ts">
      <metrics statements="9" coveredstatements="9" conditionals="0" coveredconditionals="0" methods="10" coveredmethods="10"/>
      <line num="1" count="1" type="stmt"/>
      <line num="23" count="1" type="stmt"/>
      <line num="24" count="1" type="stmt"/>
      <line num="25" count="1" type="stmt"/>
      <line num="26" count="1" type="stmt"/>
      <line num="27" count="1" type="stmt"/>
      <line num="28" count="1" type="stmt"/>
      <line num="29" count="1" type="stmt"/>
      <line num="30" count="1" type="stmt"/>
    </file>
    <file name="sucursales.service.ts" path="C:\Users\Ariel\Desktop\proyecto_integrador\alquiler_vehiculos_front-end\src\services\sucursales.service.ts">
      <metrics statements="12" coveredstatements="12" conditionals="0" coveredconditionals="0" methods="5" coveredmethods="5"/>
      <line num="1" count="1" type="stmt"/>
      <line num="2" count="1" type="stmt"/>
      <line num="23" count="1" type="stmt"/>
      <line num="25" count="1" type="stmt"/>
      <line num="26" count="1" type="stmt"/>
      <line num="30" count="1" type="stmt"/>
      <line num="31" count="1" type="stmt"/>
      <line num="35" count="1" type="stmt"/>
      <line num="36" count="1" type="stmt"/>
      <line num="40" count="1" type="stmt"/>
      <line num="41" count="1" type="stmt"/>
      <line num="45" count="1" type="stmt"/>
    </file>
    <file name="vehiculos.service.ts" path="C:\Users\Ariel\Desktop\proyecto_integrador\alquiler_vehiculos_front-end\src\services\vehiculos.service.ts">
      <metrics statements="12" coveredstatements="12" conditionals="0" coveredconditionals="0" methods="5" coveredmethods="5"/>
      <line num="1" count="1" type="stmt"/>
      <line num="2" count="1" type="stmt"/>
      <line num="36" count="1" type="stmt"/>
      <line num="38" count="1" type="stmt"/>
      <line num="39" count="1" type="stmt"/>
      <line num="43" count="1" type="stmt"/>
      <line num="44" count="1" type="stmt"/>
      <line num="48" count="1" type="stmt"/>
      <line num="49" count="1" type="stmt"/>
      <line num="53" count="1" type="stmt"/>
      <line num="54" count="1" type="stmt"/>
      <line num="58" count="1" type="stmt"/>
    </file>
  </project>
</coverage>
