{"C:\\Users\\Ariel\\Desktop\\proyecto_integrador\\alquiler_vehiculos_front-end\\src\\services\\auth.service.ts": {"path":"C:\\Users\\Ariel\\Desktop\\proyecto_integrador\\alquiler_vehiculos_front-end\\src\\services\\auth.service.ts","statementMap":{"0":{"start":{"line":15,"column":0},"end":{"line":15,"column":16}},"1":{"start":{"line":19,"column":0},"end":{"line":19,"column":16}},"2":{"start":{"line":23,"column":0},"end":{"line":23,"column":16}},"3":{"start":{"line":27,"column":0},"end":{"line":27,"column":22}},"4":{"start":{"line":43,"column":0},"end":{"line":43,"column":22}},"5":{"start":{"line":1,"column":0},"end":{"line":1,"column":28}},"6":{"start":{"line":13,"column":18},"end":{"line":13,"column":30}},"7":{"start":{"line":16,"column":2},"end":{"line":16,"column":41}},"8":{"start":{"line":20,"column":2},"end":{"line":20,"column":41}},"9":{"start":{"line":24,"column":2},"end":{"line":24,"column":37}},"10":{"start":{"line":31,"column":14},"end":{"line":33,"column":null}},"11":{"start":{"line":36,"column":16},"end":{"line":36,"column":44}},"12":{"start":{"line":37,"column":2},"end":{"line":37,"column":60}},"13":{"start":{"line":37,"column":14},"end":{"line":37,"column":60}},"14":{"start":{"line":39,"column":2},"end":{"line":39,"column":19}},"15":{"start":{"line":40,"column":2},"end":{"line":40,"column":15}},"16":{"start":{"line":47,"column":14},"end":{"line":49,"column":null}},"17":{"start":{"line":52,"column":16},"end":{"line":52,"column":45}},"18":{"start":{"line":54,"column":2},"end":{"line":57,"column":3}},"19":{"start":{"line":55,"column":4},"end":{"line":55,"column":21}},"20":{"start":{"line":56,"column":4},"end":{"line":56,"column":17}},"21":{"start":{"line":59,"column":21},"end":{"line":59,"column":44}},"22":{"start":{"line":60,"column":2},"end":{"line":60,"column":20}}},"fnMap":{"0":{"name":"saveToken","decl":{"start":{"line":15,"column":16},"end":{"line":15,"column":25}},"loc":{"start":{"line":15,"column":39},"end":{"line":17,"column":1}}},"1":{"name":"getToken","decl":{"start":{"line":19,"column":16},"end":{"line":19,"column":24}},"loc":{"start":{"line":19,"column":24},"end":{"line":21,"column":1}}},"2":{"name":"clearToken","decl":{"start":{"line":23,"column":16},"end":{"line":23,"column":26}},"loc":{"start":{"line":23,"column":26},"end":{"line":25,"column":1}}},"3":{"name":"loginApi","decl":{"start":{"line":27,"column":22},"end":{"line":27,"column":30}},"loc":{"start":{"line":30,"column":1},"end":{"line":41,"column":null}}},"4":{"name":"registerApi","decl":{"start":{"line":43,"column":22},"end":{"line":43,"column":33}},"loc":{"start":{"line":46,"column":1},"end":{"line":61,"column":null}}}},"branchMap":{"0":{"loc":{"start":{"line":36,"column":16},"end":{"line":36,"column":44}},"type":"cond-expr","locations":[{"start":{"line":36,"column":30},"end":{"line":36,"column":32}},{"start":{"line":36,"column":30},"end":{"line":36,"column":44}}]},"1":{"loc":{"start":{"line":36,"column":16},"end":{"line":36,"column":32}},"type":"binary-expr","locations":[{"start":{"line":36,"column":16},"end":{"line":36,"column":32}},{"start":{"line":36,"column":30},"end":{"line":36,"column":32}}]},"2":{"loc":{"start":{"line":36,"column":16},"end":{"line":36,"column":30}},"type":"cond-expr","locations":[{"start":{"line":36,"column":24},"end":{"line":36,"column":26}},{"start":{"line":36,"column":24},"end":{"line":36,"column":30}}]},"3":{"loc":{"start":{"line":36,"column":16},"end":{"line":36,"column":26}},"type":"binary-expr","locations":[{"start":{"line":36,"column":16},"end":{"line":36,"column":26}},{"start":{"line":36,"column":24},"end":{"line":36,"column":26}}]},"4":{"loc":{"start":{"line":37,"column":2},"end":{"line":37,"column":60}},"type":"if","locations":[{"start":{"line":37,"column":2},"end":{"line":37,"column":60}},{"start":{},"end":{}}]},"5":{"loc":{"start":{"line":52,"column":16},"end":{"line":52,"column":45}},"type":"cond-expr","locations":[{"start":{"line":52,"column":31},"end":{"line":52,"column":33}},{"start":{"line":52,"column":31},"end":{"line":52,"column":45}}]},"6":{"loc":{"start":{"line":52,"column":16},"end":{"line":52,"column":33}},"type":"binary-expr","locations":[{"start":{"line":52,"column":16},"end":{"line":52,"column":33}},{"start":{"line":52,"column":31},"end":{"line":52,"column":33}}]},"7":{"loc":{"start":{"line":52,"column":16},"end":{"line":52,"column":31}},"type":"cond-expr","locations":[{"start":{"line":52,"column":25},"end":{"line":52,"column":27}},{"start":{"line":52,"column":25},"end":{"line":52,"column":31}}]},"8":{"loc":{"start":{"line":52,"column":16},"end":{"line":52,"column":27}},"type":"binary-expr","locations":[{"start":{"line":52,"column":16},"end":{"line":52,"column":27}},{"start":{"line":52,"column":25},"end":{"line":52,"column":27}}]},"9":{"loc":{"start":{"line":52,"column":16},"end":{"line":52,"column":25}},"type":"cond-expr","locations":[{"start":{"line":52,"column":19},"end":{"line":52,"column":21}},{"start":{"line":52,"column":16},"end":{"line":52,"column":25}}]},"10":{"loc":{"start":{"line":52,"column":16},"end":{"line":52,"column":21}},"type":"binary-expr","locations":[{"start":{"line":52,"column":16},"end":{"line":52,"column":21}},{"start":{"line":52,"column":16},"end":{"line":52,"column":21}}]},"11":{"loc":{"start":{"line":54,"column":2},"end":{"line":57,"column":3}},"type":"if","locations":[{"start":{"line":54,"column":2},"end":{"line":57,"column":3}},{"start":{},"end":{}}]}},"s":{"0":1,"1":1,"2":1,"3":1,"4":1,"5":1,"6":1,"7":5,"8":5,"9":1,"10":2,"11":2,"12":2,"13":0,"14":2,"15":2,"16":2,"17":2,"18":2,"19":1,"20":1,"21":1,"22":1},"f":{"0":5,"1":5,"2":1,"3":2,"4":2},"b":{"0":[0,2],"1":[2,2],"2":[0,2],"3":[2,2],"4":[0,2],"5":[0,2],"6":[2,2],"7":[0,2],"8":[2,2],"9":[0,2],"10":[2,2],"11":[1,1]}}
,"C:\\Users\\Ariel\\Desktop\\proyecto_integrador\\alquiler_vehiculos_front-end\\src\\services\\clientes.service.ts": {"path":"C:\\Users\\Ariel\\Desktop\\proyecto_integrador\\alquiler_vehiculos_front-end\\src\\services\\clientes.service.ts","statementMap":{"0":{"start":{"line":1,"column":0},"end":{"line":1,"column":28}},"1":{"start":{"line":2,"column":0},"end":{"line":2,"column":34}},"2":{"start":{"line":27,"column":13},"end":{"line":42,"column":2}},"3":{"start":{"line":29,"column":4},"end":{"line":35,"column":5}},"4":{"start":{"line":30,"column":18},"end":{"line":30,"column":47}},"5":{"start":{"line":31,"column":6},"end":{"line":31,"column":38}},"6":{"start":{"line":33,"column":6},"end":{"line":33,"column":53}},"7":{"start":{"line":33,"column":41},"end":{"line":33,"column":53}},"8":{"start":{"line":34,"column":6},"end":{"line":34,"column":16}},"9":{"start":{"line":39,"column":16},"end":{"line":39,"column":55}},"10":{"start":{"line":40,"column":4},"end":{"line":40,"column":36}}},"fnMap":{"0":{"name":"(anonymous_7)","decl":{"start":{"line":28,"column":8},"end":{"line":28,"column":18}},"loc":{"start":{"line":28,"column":18},"end":{"line":36,"column":null}}},"1":{"name":"(anonymous_9)","decl":{"start":{"line":38,"column":8},"end":{"line":38,"column":14}},"loc":{"start":{"line":38,"column":40},"end":{"line":41,"column":null}}}},"branchMap":{"0":{"loc":{"start":{"line":33,"column":6},"end":{"line":33,"column":53}},"type":"if","locations":[{"start":{"line":33,"column":6},"end":{"line":33,"column":53}},{"start":{},"end":{}}]},"1":{"loc":{"start":{"line":33,"column":10},"end":{"line":33,"column":31}},"type":"cond-expr","locations":[{"start":{"line":33,"column":23},"end":{"line":33,"column":25}},{"start":{"line":33,"column":23},"end":{"line":33,"column":31}}]},"2":{"loc":{"start":{"line":33,"column":10},"end":{"line":33,"column":25}},"type":"binary-expr","locations":[{"start":{"line":33,"column":10},"end":{"line":33,"column":25}},{"start":{"line":33,"column":23},"end":{"line":33,"column":25}}]},"3":{"loc":{"start":{"line":33,"column":10},"end":{"line":33,"column":23}},"type":"cond-expr","locations":[{"start":{"line":33,"column":13},"end":{"line":33,"column":15}},{"start":{"line":33,"column":10},"end":{"line":33,"column":23}}]},"4":{"loc":{"start":{"line":33,"column":10},"end":{"line":33,"column":15}},"type":"binary-expr","locations":[{"start":{"line":33,"column":10},"end":{"line":33,"column":15}},{"start":{"line":33,"column":10},"end":{"line":33,"column":15}}]}},"s":{"0":1,"1":1,"2":1,"3":1,"4":1,"5":1,"6":0,"7":0,"8":0,"9":1,"10":1},"f":{"0":1,"1":1},"b":{"0":[0,0],"1":[0,0],"2":[0,0],"3":[0,0],"4":[0,0]}}
,"C:\\Users\\Ariel\\Desktop\\proyecto_integrador\\alquiler_vehiculos_front-end\\src\\services\\http.ts": {"path":"C:\\Users\\Ariel\\Desktop\\proyecto_integrador\\alquiler_vehiculos_front-end\\src\\services\\http.ts","statementMap":{"0":{"start":{"line":1,"column":0},"end":{"line":1,"column":16}},"1":{"start":{"line":20,"column":0},"end":{"line":20,"column":16}},"2":{"start":{"line":2,"column":2},"end":{"line":2,"column":37}},"3":{"start":{"line":2,"column":26},"end":{"line":2,"column":37}},"4":{"start":{"line":4,"column":15},"end":{"line":4,"column":31}},"5":{"start":{"line":6,"column":21},"end":{"line":11,"column":4}},"6":{"start":{"line":13,"column":2},"end":{"line":15,"column":3}},"7":{"start":{"line":14,"column":4},"end":{"line":14,"column":35}},"8":{"start":{"line":14,"column":26},"end":{"line":14,"column":35}},"9":{"start":{"line":17,"column":2},"end":{"line":17,"column":12}},"10":{"start":{"line":21,"column":15},"end":{"line":21,"column":31}},"11":{"start":{"line":23,"column":2},"end":{"line":23,"column":35}}},"fnMap":{"0":{"name":"pickList","decl":{"start":{"line":1,"column":16},"end":{"line":1,"column":24}},"loc":{"start":{"line":1,"column":42},"end":{"line":18,"column":1}}},"1":{"name":"pickItem","decl":{"start":{"line":20,"column":16},"end":{"line":20,"column":24}},"loc":{"start":{"line":20,"column":42},"end":{"line":24,"column":1}}}},"branchMap":{"0":{"loc":{"start":{"line":2,"column":2},"end":{"line":2,"column":37}},"type":"if","locations":[{"start":{"line":2,"column":2},"end":{"line":2,"column":37}},{"start":{},"end":{}}]},"1":{"loc":{"start":{"line":4,"column":15},"end":{"line":4,"column":31}},"type":"cond-expr","locations":[{"start":{"line":4,"column":24},"end":{"line":4,"column":28}},{"start":{"line":4,"column":28},"end":{"line":4,"column":31}}]},"2":{"loc":{"start":{"line":4,"column":15},"end":{"line":4,"column":28}},"type":"binary-expr","locations":[{"start":{"line":4,"column":15},"end":{"line":4,"column":28}},{"start":{"line":4,"column":24},"end":{"line":4,"column":28}}]},"3":{"loc":{"start":{"line":4,"column":15},"end":{"line":4,"column":24}},"type":"cond-expr","locations":[{"start":{"line":4,"column":18},"end":{"line":4,"column":20}},{"start":{"line":4,"column":15},"end":{"line":4,"column":24}}]},"4":{"loc":{"start":{"line":4,"column":15},"end":{"line":4,"column":20}},"type":"binary-expr","locations":[{"start":{"line":4,"column":15},"end":{"line":4,"column":20}},{"start":{"line":4,"column":15},"end":{"line":4,"column":20}}]},"5":{"loc":{"start":{"line":7,"column":4},"end":{"line":7,"column":21}},"type":"cond-expr","locations":[{"start":{"line":7,"column":14},"end":{"line":7,"column":16}},{"start":{"line":7,"column":14},"end":{"line":7,"column":21}}]},"6":{"loc":{"start":{"line":7,"column":4},"end":{"line":7,"column":16}},"type":"binary-expr","locations":[{"start":{"line":7,"column":4},"end":{"line":7,"column":16}},{"start":{"line":7,"column":14},"end":{"line":7,"column":16}}]},"7":{"loc":{"start":{"line":7,"column":4},"end":{"line":7,"column":14}},"type":"cond-expr","locations":[{"start":{"line":7,"column":8},"end":{"line":7,"column":10}},{"start":{"line":7,"column":4},"end":{"line":7,"column":14}}]},"8":{"loc":{"start":{"line":7,"column":4},"end":{"line":7,"column":10}},"type":"binary-expr","locations":[{"start":{"line":7,"column":4},"end":{"line":7,"column":10}},{"start":{"line":7,"column":4},"end":{"line":7,"column":10}}]},"9":{"loc":{"start":{"line":8,"column":4},"end":{"line":8,"column":15}},"type":"cond-expr","locations":[{"start":{"line":8,"column":8},"end":{"line":8,"column":10}},{"start":{"line":8,"column":4},"end":{"line":8,"column":15}}]},"10":{"loc":{"start":{"line":8,"column":4},"end":{"line":8,"column":10}},"type":"binary-expr","locations":[{"start":{"line":8,"column":4},"end":{"line":8,"column":10}},{"start":{"line":8,"column":4},"end":{"line":8,"column":10}}]},"11":{"loc":{"start":{"line":9,"column":4},"end":{"line":9,"column":14}},"type":"cond-expr","locations":[{"start":{"line":9,"column":8},"end":{"line":9,"column":10}},{"start":{"line":9,"column":4},"end":{"line":9,"column":14}}]},"12":{"loc":{"start":{"line":9,"column":4},"end":{"line":9,"column":10}},"type":"binary-expr","locations":[{"start":{"line":9,"column":4},"end":{"line":9,"column":10}},{"start":{"line":9,"column":4},"end":{"line":9,"column":10}}]},"13":{"loc":{"start":{"line":10,"column":4},"end":{"line":10,"column":17}},"type":"cond-expr","locations":[{"start":{"line":10,"column":8},"end":{"line":10,"column":10}},{"start":{"line":10,"column":4},"end":{"line":10,"column":17}}]},"14":{"loc":{"start":{"line":10,"column":4},"end":{"line":10,"column":10}},"type":"binary-expr","locations":[{"start":{"line":10,"column":4},"end":{"line":10,"column":10}},{"start":{"line":10,"column":4},"end":{"line":10,"column":10}}]},"15":{"loc":{"start":{"line":14,"column":4},"end":{"line":14,"column":35}},"type":"if","locations":[{"start":{"line":14,"column":4},"end":{"line":14,"column":35}},{"start":{},"end":{}}]},"16":{"loc":{"start":{"line":21,"column":15},"end":{"line":21,"column":31}},"type":"cond-expr","locations":[{"start":{"line":21,"column":24},"end":{"line":21,"column":28}},{"start":{"line":21,"column":28},"end":{"line":21,"column":31}}]},"17":{"loc":{"start":{"line":21,"column":15},"end":{"line":21,"column":28}},"type":"binary-expr","locations":[{"start":{"line":21,"column":15},"end":{"line":21,"column":28}},{"start":{"line":21,"column":24},"end":{"line":21,"column":28}}]},"18":{"loc":{"start":{"line":21,"column":15},"end":{"line":21,"column":24}},"type":"cond-expr","locations":[{"start":{"line":21,"column":18},"end":{"line":21,"column":20}},{"start":{"line":21,"column":15},"end":{"line":21,"column":24}}]},"19":{"loc":{"start":{"line":21,"column":15},"end":{"line":21,"column":20}},"type":"binary-expr","locations":[{"start":{"line":21,"column":15},"end":{"line":21,"column":20}},{"start":{"line":21,"column":15},"end":{"line":21,"column":20}}]},"20":{"loc":{"start":{"line":23,"column":10},"end":{"line":23,"column":28}},"type":"cond-expr","locations":[{"start":{"line":23,"column":20},"end":{"line":23,"column":24}},{"start":{"line":23,"column":24},"end":{"line":23,"column":28}}]},"21":{"loc":{"start":{"line":23,"column":10},"end":{"line":23,"column":24}},"type":"binary-expr","locations":[{"start":{"line":23,"column":10},"end":{"line":23,"column":24}},{"start":{"line":23,"column":20},"end":{"line":23,"column":24}}]},"22":{"loc":{"start":{"line":23,"column":10},"end":{"line":23,"column":20}},"type":"cond-expr","locations":[{"start":{"line":23,"column":14},"end":{"line":23,"column":16}},{"start":{"line":23,"column":10},"end":{"line":23,"column":20}}]},"23":{"loc":{"start":{"line":23,"column":10},"end":{"line":23,"column":16}},"type":"binary-expr","locations":[{"start":{"line":23,"column":10},"end":{"line":23,"column":16}},{"start":{"line":23,"column":10},"end":{"line":23,"column":16}}]}},"s":{"0":5,"1":5,"2":10,"3":1,"4":9,"5":9,"6":9,"7":26,"8":8,"9":1,"10":13,"11":13},"f":{"0":10,"1":13},"b":{"0":[1,9],"1":[9,0],"2":[9,9],"3":[0,9],"4":[9,9],"5":[2,7],"6":[9,9],"7":[0,9],"8":[9,9],"9":[0,9],"10":[9,9],"11":[0,9],"12":[9,9],"13":[0,9],"14":[9,9],"15":[8,18],"16":[12,1],"17":[13,13],"18":[0,13],"19":[13,13],"20":[9,4],"21":[13,13],"22":[0,13],"23":[13,13]}}
,"C:\\Users\\Ariel\\Desktop\\proyecto_integrador\\alquiler_vehiculos_front-end\\src\\services\\mantenimientos.service.ts": {"path":"C:\\Users\\Ariel\\Desktop\\proyecto_integrador\\alquiler_vehiculos_front-end\\src\\services\\mantenimientos.service.ts","statementMap":{"0":{"start":{"line":1,"column":0},"end":{"line":1,"column":28}},"1":{"start":{"line":2,"column":0},"end":{"line":2,"column":44}},"2":{"start":{"line":27,"column":13},"end":{"line":46,"column":2}},"3":{"start":{"line":29,"column":16},"end":{"line":29,"column":60}},"4":{"start":{"line":30,"column":4},"end":{"line":30,"column":40}},"5":{"start":{"line":34,"column":16},"end":{"line":34,"column":58}},"6":{"start":{"line":35,"column":4},"end":{"line":35,"column":40}},"7":{"start":{"line":39,"column":16},"end":{"line":39,"column":77}},"8":{"start":{"line":40,"column":4},"end":{"line":40,"column":40}},"9":{"start":{"line":44,"column":4},"end":{"line":44,"column":60}}},"fnMap":{"0":{"name":"(anonymous_7)","decl":{"start":{"line":28,"column":8},"end":{"line":28,"column":14}},"loc":{"start":{"line":28,"column":27},"end":{"line":31,"column":null}}},"1":{"name":"(anonymous_9)","decl":{"start":{"line":33,"column":8},"end":{"line":33,"column":14}},"loc":{"start":{"line":33,"column":27},"end":{"line":36,"column":null}}},"2":{"name":"(anonymous_11)","decl":{"start":{"line":38,"column":8},"end":{"line":38,"column":14}},"loc":{"start":{"line":38,"column":53},"end":{"line":41,"column":null}}},"3":{"name":"(anonymous_13)","decl":{"start":{"line":43,"column":8},"end":{"line":43,"column":14}},"loc":{"start":{"line":43,"column":39},"end":{"line":45,"column":null}}}},"branchMap":{},"s":{"0":1,"1":1,"2":1,"3":2,"4":2,"5":1,"6":1,"7":1,"8":1,"9":1},"f":{"0":2,"1":1,"2":1,"3":1},"b":{}}
,"C:\\Users\\Ariel\\Desktop\\proyecto_integrador\\alquiler_vehiculos_front-end\\src\\services\\reservas.service.ts": {"path":"C:\\Users\\Ariel\\Desktop\\proyecto_integrador\\alquiler_vehiculos_front-end\\src\\services\\reservas.service.ts","statementMap":{"0":{"start":{"line":1,"column":0},"end":{"line":1,"column":28}},"1":{"start":{"line":23,"column":13},"end":{"line":32,"column":2}},"2":{"start":{"line":24,"column":53},"end":{"line":24,"column":null}},"3":{"start":{"line":24,"column":54},"end":{"line":24,"column":null}},"4":{"start":{"line":25,"column":50},"end":{"line":25,"column":null}},"5":{"start":{"line":25,"column":51},"end":{"line":25,"column":null}},"6":{"start":{"line":26,"column":60},"end":{"line":26,"column":null}},"7":{"start":{"line":26,"column":61},"end":{"line":26,"column":null}},"8":{"start":{"line":27,"column":72},"end":{"line":28,"column":null}},"9":{"start":{"line":28,"column":4},"end":{"line":28,"column":null}},"10":{"start":{"line":29,"column":46},"end":{"line":31,"column":null}},"11":{"start":{"line":30,"column":4},"end":{"line":30,"column":40}}},"fnMap":{"0":{"name":"(anonymous_7)","decl":{"start":{"line":24,"column":10},"end":{"line":24,"column":17}},"loc":{"start":{"line":24,"column":53},"end":{"line":24,"column":null}}},"1":{"name":"(anonymous_8)","decl":{"start":{"line":24,"column":53},"end":{"line":24,"column":54}},"loc":{"start":{"line":24,"column":53},"end":{"line":24,"column":null}}},"2":{"name":"(anonymous_9)","decl":{"start":{"line":25,"column":11},"end":{"line":25,"column":18}},"loc":{"start":{"line":25,"column":50},"end":{"line":25,"column":null}}},"3":{"name":"(anonymous_10)","decl":{"start":{"line":25,"column":50},"end":{"line":25,"column":51}},"loc":{"start":{"line":25,"column":50},"end":{"line":25,"column":null}}},"4":{"name":"(anonymous_11)","decl":{"start":{"line":26,"column":10},"end":{"line":26,"column":17}},"loc":{"start":{"line":26,"column":60},"end":{"line":26,"column":null}}},"5":{"name":"(anonymous_12)","decl":{"start":{"line":26,"column":60},"end":{"line":26,"column":61}},"loc":{"start":{"line":26,"column":60},"end":{"line":26,"column":null}}},"6":{"name":"(anonymous_13)","decl":{"start":{"line":27,"column":10},"end":{"line":27,"column":17}},"loc":{"start":{"line":27,"column":72},"end":{"line":28,"column":null}}},"7":{"name":"(anonymous_14)","decl":{"start":{"line":27,"column":72},"end":{"line":27,"column":null}},"loc":{"start":{"line":27,"column":72},"end":{"line":28,"column":null}}},"8":{"name":"(anonymous_15)","decl":{"start":{"line":29,"column":10},"end":{"line":29,"column":17}},"loc":{"start":{"line":29,"column":46},"end":{"line":31,"column":null}}},"9":{"name":"(anonymous_16)","decl":{"start":{"line":29,"column":46},"end":{"line":29,"column":null}},"loc":{"start":{"line":29,"column":46},"end":{"line":31,"column":3}}}},"branchMap":{},"s":{"0":1,"1":1,"2":1,"3":1,"4":1,"5":1,"6":1,"7":1,"8":1,"9":1,"10":1,"11":1},"f":{"0":1,"1":1,"2":1,"3":1,"4":1,"5":1,"6":1,"7":1,"8":1,"9":1},"b":{}}
,"C:\\Users\\Ariel\\Desktop\\proyecto_integrador\\alquiler_vehiculos_front-end\\src\\services\\sucursales.service.ts": {"path":"C:\\Users\\Ariel\\Desktop\\proyecto_integrador\\alquiler_vehiculos_front-end\\src\\services\\sucursales.service.ts","statementMap":{"0":{"start":{"line":1,"column":0},"end":{"line":1,"column":28}},"1":{"start":{"line":2,"column":0},"end":{"line":2,"column":44}},"2":{"start":{"line":23,"column":13},"end":{"line":47,"column":2}},"3":{"start":{"line":25,"column":16},"end":{"line":25,"column":56}},"4":{"start":{"line":26,"column":4},"end":{"line":26,"column":35}},"5":{"start":{"line":30,"column":16},"end":{"line":30,"column":50}},"6":{"start":{"line":31,"column":4},"end":{"line":31,"column":35}},"7":{"start":{"line":35,"column":16},"end":{"line":35,"column":54}},"8":{"start":{"line":36,"column":4},"end":{"line":36,"column":35}},"9":{"start":{"line":40,"column":16},"end":{"line":40,"column":59}},"10":{"start":{"line":41,"column":4},"end":{"line":41,"column":35}},"11":{"start":{"line":45,"column":4},"end":{"line":45,"column":42}}},"fnMap":{"0":{"name":"(anonymous_7)","decl":{"start":{"line":24,"column":8},"end":{"line":24,"column":14}},"loc":{"start":{"line":24,"column":27},"end":{"line":27,"column":null}}},"1":{"name":"(anonymous_9)","decl":{"start":{"line":29,"column":8},"end":{"line":29,"column":15}},"loc":{"start":{"line":29,"column":26},"end":{"line":32,"column":null}}},"2":{"name":"(anonymous_11)","decl":{"start":{"line":34,"column":8},"end":{"line":34,"column":14}},"loc":{"start":{"line":34,"column":41},"end":{"line":37,"column":null}}},"3":{"name":"(anonymous_13)","decl":{"start":{"line":39,"column":8},"end":{"line":39,"column":14}},"loc":{"start":{"line":39,"column":53},"end":{"line":42,"column":null}}},"4":{"name":"(anonymous_15)","decl":{"start":{"line":44,"column":8},"end":{"line":44,"column":14}},"loc":{"start":{"line":44,"column":25},"end":{"line":46,"column":null}}}},"branchMap":{},"s":{"0":1,"1":1,"2":1,"3":1,"4":1,"5":1,"6":1,"7":1,"8":1,"9":1,"10":1,"11":1},"f":{"0":1,"1":1,"2":1,"3":1,"4":1},"b":{}}
,"C:\\Users\\Ariel\\Desktop\\proyecto_integrador\\alquiler_vehiculos_front-end\\src\\services\\vehiculos.service.ts": {"path":"C:\\Users\\Ariel\\Desktop\\proyecto_integrador\\alquiler_vehiculos_front-end\\src\\services\\vehiculos.service.ts","statementMap":{"0":{"start":{"line":1,"column":0},"end":{"line":1,"column":28}},"1":{"start":{"line":2,"column":0},"end":{"line":2,"column":44}},"2":{"start":{"line":36,"column":13},"end":{"line":60,"column":2}},"3":{"start":{"line":38,"column":16},"end":{"line":38,"column":55}},"4":{"start":{"line":39,"column":4},"end":{"line":39,"column":35}},"5":{"start":{"line":43,"column":16},"end":{"line":43,"column":49}},"6":{"start":{"line":44,"column":4},"end":{"line":44,"column":35}},"7":{"start":{"line":48,"column":16},"end":{"line":48,"column":53}},"8":{"start":{"line":49,"column":4},"end":{"line":49,"column":35}},"9":{"start":{"line":53,"column":16},"end":{"line":53,"column":58}},"10":{"start":{"line":54,"column":4},"end":{"line":54,"column":35}},"11":{"start":{"line":58,"column":4},"end":{"line":58,"column":41}}},"fnMap":{"0":{"name":"(anonymous_7)","decl":{"start":{"line":37,"column":8},"end":{"line":37,"column":14}},"loc":{"start":{"line":37,"column":27},"end":{"line":40,"column":null}}},"1":{"name":"(anonymous_9)","decl":{"start":{"line":42,"column":8},"end":{"line":42,"column":15}},"loc":{"start":{"line":42,"column":26},"end":{"line":45,"column":null}}},"2":{"name":"(anonymous_11)","decl":{"start":{"line":47,"column":8},"end":{"line":47,"column":14}},"loc":{"start":{"line":47,"column":41},"end":{"line":50,"column":null}}},"3":{"name":"(anonymous_13)","decl":{"start":{"line":52,"column":8},"end":{"line":52,"column":14}},"loc":{"start":{"line":52,"column":53},"end":{"line":55,"column":null}}},"4":{"name":"(anonymous_15)","decl":{"start":{"line":57,"column":8},"end":{"line":57,"column":14}},"loc":{"start":{"line":57,"column":25},"end":{"line":59,"column":null}}}},"branchMap":{},"s":{"0":1,"1":1,"2":1,"3":1,"4":1,"5":1,"6":1,"7":1,"8":1,"9":1,"10":1,"11":1},"f":{"0":1,"1":1,"2":1,"3":1,"4":1},"b":{}}
}
