TN:
SF:src\services\auth.service.ts
FN:15,saveToken
FN:19,getToken
FN:23,clearToken
FN:27,loginApi
FN:43,registerApi
FNF:5
FNH:5
FNDA:5,saveToken
FNDA:5,getToken
FNDA:1,clearToken
FNDA:2,loginApi
FNDA:2,registerApi
DA:1,1
DA:13,1
DA:15,1
DA:16,5
DA:19,1
DA:20,5
DA:23,1
DA:24,1
DA:27,1
DA:31,2
DA:36,2
DA:37,2
DA:39,2
DA:40,2
DA:43,1
DA:47,2
DA:52,2
DA:54,2
DA:55,1
DA:56,1
DA:59,1
DA:60,1
LF:22
LH:22
BRDA:36,0,0,0
BRDA:36,0,1,2
BRDA:36,1,0,2
BRDA:36,1,1,2
BRDA:36,2,0,0
BRDA:36,2,1,2
BRDA:36,3,0,2
BRDA:36,3,1,2
BRDA:37,4,0,0
BRDA:37,4,1,2
BRDA:52,5,0,0
BRDA:52,5,1,2
BRDA:52,6,0,2
BRDA:52,6,1,2
BRDA:52,7,0,0
BRDA:52,7,1,2
BRDA:52,8,0,2
BRDA:52,8,1,2
BRDA:52,9,0,0
BRDA:52,9,1,2
BRDA:52,10,0,2
BRDA:52,10,1,2
BRDA:54,11,0,1
BRDA:54,11,1,1
BRF:24
BRH:18
end_of_record
TN:
SF:src\services\clientes.service.ts
FN:28,(anonymous_7)
FN:38,(anonymous_9)
FNF:2
FNH:2
FNDA:1,(anonymous_7)
FNDA:1,(anonymous_9)
DA:1,1
DA:2,1
DA:27,1
DA:29,1
DA:30,1
DA:31,1
DA:33,0
DA:34,0
DA:39,1
DA:40,1
LF:10
LH:8
BRDA:33,0,0,0
BRDA:33,0,1,0
BRDA:33,1,0,0
BRDA:33,1,1,0
BRDA:33,2,0,0
BRDA:33,2,1,0
BRDA:33,3,0,0
BRDA:33,3,1,0
BRDA:33,4,0,0
BRDA:33,4,1,0
BRF:10
BRH:0
end_of_record
TN:
SF:src\services\http.ts
FN:1,pickList
FN:20,pickItem
FNF:2
FNH:2
FNDA:10,pickList
FNDA:13,pickItem
DA:1,5
DA:2,10
DA:4,9
DA:6,9
DA:13,9
DA:14,26
DA:17,1
DA:20,5
DA:21,13
DA:23,13
LF:10
LH:10
BRDA:2,0,0,1
BRDA:2,0,1,9
BRDA:4,1,0,9
BRDA:4,1,1,0
BRDA:4,2,0,9
BRDA:4,2,1,9
BRDA:4,3,0,0
BRDA:4,3,1,9
BRDA:4,4,0,9
BRDA:4,4,1,9
BRDA:7,5,0,2
BRDA:7,5,1,7
BRDA:7,6,0,9
BRDA:7,6,1,9
BRDA:7,7,0,0
BRDA:7,7,1,9
BRDA:7,8,0,9
BRDA:7,8,1,9
BRDA:8,9,0,0
BRDA:8,9,1,9
BRDA:8,10,0,9
BRDA:8,10,1,9
BRDA:9,11,0,0
BRDA:9,11,1,9
BRDA:9,12,0,9
BRDA:9,12,1,9
BRDA:10,13,0,0
BRDA:10,13,1,9
BRDA:10,14,0,9
BRDA:10,14,1,9
BRDA:14,15,0,8
BRDA:14,15,1,18
BRDA:21,16,0,12
BRDA:21,16,1,1
BRDA:21,17,0,13
BRDA:21,17,1,13
BRDA:21,18,0,0
BRDA:21,18,1,13
BRDA:21,19,0,13
BRDA:21,19,1,13
BRDA:23,20,0,9
BRDA:23,20,1,4
BRDA:23,21,0,13
BRDA:23,21,1,13
BRDA:23,22,0,0
BRDA:23,22,1,13
BRDA:23,23,0,13
BRDA:23,23,1,13
BRF:48
BRH:40
end_of_record
TN:
SF:src\services\mantenimientos.service.ts
FN:28,(anonymous_7)
FN:33,(anonymous_9)
FN:38,(anonymous_11)
FN:43,(anonymous_13)
FNF:4
FNH:4
FNDA:2,(anonymous_7)
FNDA:1,(anonymous_9)
FNDA:1,(anonymous_11)
FNDA:1,(anonymous_13)
DA:1,1
DA:2,1
DA:27,1
DA:29,2
DA:30,2
DA:34,1
DA:35,1
DA:39,1
DA:40,1
DA:44,1
LF:10
LH:10
BRF:0
BRH:0
end_of_record
TN:
SF:src\services\reservas.service.ts
FN:24,(anonymous_7)
FN:24,(anonymous_8)
FN:25,(anonymous_9)
FN:25,(anonymous_10)
FN:26,(anonymous_11)
FN:26,(anonymous_12)
FN:27,(anonymous_13)
FN:27,(anonymous_14)
FN:29,(anonymous_15)
FN:29,(anonymous_16)
FNF:10
FNH:10
FNDA:1,(anonymous_7)
FNDA:1,(anonymous_8)
FNDA:1,(anonymous_9)
FNDA:1,(anonymous_10)
FNDA:1,(anonymous_11)
FNDA:1,(anonymous_12)
FNDA:1,(anonymous_13)
FNDA:1,(anonymous_14)
FNDA:1,(anonymous_15)
FNDA:1,(anonymous_16)
DA:1,1
DA:23,1
DA:24,1
DA:25,1
DA:26,1
DA:27,1
DA:28,1
DA:29,1
DA:30,1
LF:9
LH:9
BRF:0
BRH:0
end_of_record
TN:
SF:src\services\sucursales.service.ts
FN:24,(anonymous_7)
FN:29,(anonymous_9)
FN:34,(anonymous_11)
FN:39,(anonymous_13)
FN:44,(anonymous_15)
FNF:5
FNH:5
FNDA:1,(anonymous_7)
FNDA:1,(anonymous_9)
FNDA:1,(anonymous_11)
FNDA:1,(anonymous_13)
FNDA:1,(anonymous_15)
DA:1,1
DA:2,1
DA:23,1
DA:25,1
DA:26,1
DA:30,1
DA:31,1
DA:35,1
DA:36,1
DA:40,1
DA:41,1
DA:45,1
LF:12
LH:12
BRF:0
BRH:0
end_of_record
TN:
SF:src\services\vehiculos.service.ts
FN:37,(anonymous_7)
FN:42,(anonymous_9)
FN:47,(anonymous_11)
FN:52,(anonymous_13)
FN:57,(anonymous_15)
FNF:5
FNH:5
FNDA:1,(anonymous_7)
FNDA:1,(anonymous_9)
FNDA:1,(anonymous_11)
FNDA:1,(anonymous_13)
FNDA:1,(anonymous_15)
DA:1,1
DA:2,1
DA:36,1
DA:38,1
DA:39,1
DA:43,1
DA:44,1
DA:48,1
DA:49,1
DA:53,1
DA:54,1
DA:58,1
LF:12
LH:12
BRF:0
BRH:0
end_of_record
